app/build/intermediates/manifest_merge_blame_file/debug/manifest-merger-blame-debug-report.txt
1<?xml version="1.0" encoding="utf-8"?>
2<manifest xmlns:android="http://schemas.android.com/apk/res/android"
3    package="com.example.bloodbank"
4    android:versionCode="1"
5    android:versionName="1.0" >
6
7    <uses-sdk
8        android:minSdkVersion="21"
8-->src\main\AndroidManifest.xml
9        android:targetSdkVersion="30" />
9-->src\main\AndroidManifest.xml
10
11    <uses-permission android:name="android.permission.INTERNET" />
11-->src\main\AndroidManifest.xml:4:5-66
11-->src\main\AndroidManifest.xml:4:22-64
12    <uses-permission android:name="android.permission.ACCESS_NETWORK_STATE" />
12-->[com.firebaseui:firebase-ui-auth:2.0.1] AndroidManifest.xml:12:5-79
12-->[com.firebaseui:firebase-ui-auth:2.0.1] AndroidManifest.xml:12:22-76
13
14    <application
14-->src\main\AndroidManifest.xml:6:5-24:19
15        android:allowBackup="true"
15-->src\main\AndroidManifest.xml:7:9-35
16        android:appComponentFactory="androidx.core.app.CoreComponentFactory"
16-->[androidx.core:core:1.1.0] AndroidManifest.xml:24:18-86
17        android:debuggable="true"
18        android:icon="@mipmap/ic_launcher"
18-->src\main\AndroidManifest.xml:8:9-43
19        android:label="@string/app_name"
19-->src\main\AndroidManifest.xml:9:9-41
20        android:roundIcon="@mipmap/ic_launcher_round"
20-->src\main\AndroidManifest.xml:10:9-54
21        android:supportsRtl="true"
21-->src\main\AndroidManifest.xml:11:9-35
22        android:testOnly="true"
23        android:theme="@style/Theme.BloodBank" >
23-->src\main\AndroidManifest.xml:12:9-47
24        <activity android:name="com.example.bloodbank.VerifyPhoneActivity" />
24-->src\main\AndroidManifest.xml:13:9-66
24-->src\main\AndroidManifest.xml:13:19-54
25        <activity android:name="com.example.bloodbank.SignUpActivity" />
25-->src\main\AndroidManifest.xml:14:9-52
25-->src\main\AndroidManifest.xml:14:19-49
26        <activity android:name="com.example.bloodbank.SignInActivity" />
26-->src\main\AndroidManifest.xml:15:9-52
26-->src\main\AndroidManifest.xml:15:19-49
27        <activity android:name="com.example.bloodbank.MainActivity" />
27-->src\main\AndroidManifest.xml:16:9-50
27-->src\main\AndroidManifest.xml:16:19-47
28        <activity android:name="com.example.bloodbank.SplashScreen" >
28-->src\main\AndroidManifest.xml:17:9-23:20
28-->src\main\AndroidManifest.xml:17:19-47
29            <intent-filter>
29-->src\main\AndroidManifest.xml:18:13-22:29
30                <action android:name="android.intent.action.MAIN" />
30-->src\main\AndroidManifest.xml:19:17-69
30-->src\main\AndroidManifest.xml:19:25-66
31
32                <category android:name="android.intent.category.LAUNCHER" />
32-->src\main\AndroidManifest.xml:21:17-77
32-->src\main\AndroidManifest.xml:21:27-74
33            </intent-filter>
34        </activity>
35
36        <meta-data
36-->[com.firebaseui:firebase-ui-auth:2.0.1] AndroidManifest.xml:16:9-18:69
37            android:name="com.google.android.gms.version"
37-->[com.firebaseui:firebase-ui-auth:2.0.1] AndroidManifest.xml:17:13-58
38            android:value="@integer/google_play_services_version" />
38-->[com.firebaseui:firebase-ui-auth:2.0.1] AndroidManifest.xml:18:13-66
39        <meta-data
39-->[com.firebaseui:firebase-ui-auth:2.0.1] AndroidManifest.xml:19:9-21:63
40            android:name="io.fabric.ApiKey"
40-->[com.firebaseui:firebase-ui-auth:2.0.1] AndroidManifest.xml:20:13-44
41            android:value="@string/twitter_consumer_secret" />
41-->[com.firebaseui:firebase-ui-auth:2.0.1] AndroidManifest.xml:21:13-60
42        <meta-data
42-->[com.firebaseui:firebase-ui-auth:2.0.1] AndroidManifest.xml:22:9-24:63
43            android:name="com.facebook.sdk.ApplicationId"
43-->[com.firebaseui:firebase-ui-auth:2.0.1] AndroidManifest.xml:23:13-58
44            android:value="@string/facebook_application_id" />
44-->[com.firebaseui:firebase-ui-auth:2.0.1] AndroidManifest.xml:24:13-60
45        <meta-data
45-->[com.firebaseui:firebase-ui-auth:2.0.1] AndroidManifest.xml:25:9-27:36
46            android:name="com.facebook.sdk.AutoLogAppEventsEnabled"
46-->[com.firebaseui:firebase-ui-auth:2.0.1] AndroidManifest.xml:26:13-68
47            android:value="true" />
47-->[com.firebaseui:firebase-ui-auth:2.0.1] AndroidManifest.xml:27:13-33
48
49        <activity
49-->[com.firebaseui:firebase-ui-auth:2.0.1] AndroidManifest.xml:29:9-33:61
50            android:name="com.firebase.ui.auth.KickoffActivity"
50-->[com.firebaseui:firebase-ui-auth:2.0.1] AndroidManifest.xml:30:13-64
51            android:exported="false"
51-->[com.firebaseui:firebase-ui-auth:2.0.1] AndroidManifest.xml:31:13-37
52            android:label=""
52-->[com.firebaseui:firebase-ui-auth:2.0.1] AndroidManifest.xml:32:13-29
53            android:theme="@style/FirebaseUI.Transparent" />
53-->[com.firebaseui:firebase-ui-auth:2.0.1] AndroidManifest.xml:33:13-58
54        <activity
54-->[com.firebaseui:firebase-ui-auth:2.0.1] AndroidManifest.xml:34:9-37:71
55            android:name="com.firebase.ui.auth.ui.email.RecoverPasswordActivity"
55-->[com.firebaseui:firebase-ui-auth:2.0.1] AndroidManifest.xml:35:13-81
56            android:exported="false"
56-->[com.firebaseui:firebase-ui-auth:2.0.1] AndroidManifest.xml:36:13-37
57            android:label="@string/title_recover_password_activity" />
57-->[com.firebaseui:firebase-ui-auth:2.0.1] AndroidManifest.xml:37:13-68
58        <activity
58-->[com.firebaseui:firebase-ui-auth:2.0.1] AndroidManifest.xml:38:9-41:55
59            android:name="com.firebase.ui.auth.ui.email.RegisterEmailActivity"
59-->[com.firebaseui:firebase-ui-auth:2.0.1] AndroidManifest.xml:39:13-79
60            android:exported="false"
60-->[com.firebaseui:firebase-ui-auth:2.0.1] AndroidManifest.xml:40:13-37
61            android:label="@string/sign_in_default" />
61-->[com.firebaseui:firebase-ui-auth:2.0.1] AndroidManifest.xml:41:13-52
62        <activity
62-->[com.firebaseui:firebase-ui-auth:2.0.1] AndroidManifest.xml:42:9-46:64
63            android:name="com.firebase.ui.auth.ui.phone.PhoneVerificationActivity"
63-->[com.firebaseui:firebase-ui-auth:2.0.1] AndroidManifest.xml:43:13-83
64            android:exported="false"
64-->[com.firebaseui:firebase-ui-auth:2.0.1] AndroidManifest.xml:44:13-37
65            android:label="@string/sign_in_with_phone_number"
65-->[com.firebaseui:firebase-ui-auth:2.0.1] AndroidManifest.xml:45:13-62
66            android:windowSoftInputMode="stateAlwaysVisible" />
66-->[com.firebaseui:firebase-ui-auth:2.0.1] AndroidManifest.xml:46:13-61
67        <activity
67-->[com.firebaseui:firebase-ui-auth:2.0.1] AndroidManifest.xml:47:9-50:69
68            android:name="com.firebase.ui.auth.ui.accountlink.WelcomeBackIdpPrompt"
68-->[com.firebaseui:firebase-ui-auth:2.0.1] AndroidManifest.xml:48:13-84
69            android:exported="false"
69-->[com.firebaseui:firebase-ui-auth:2.0.1] AndroidManifest.xml:49:13-37
70            android:label="@string/title_welcome_back_idp_prompt" />
70-->[com.firebaseui:firebase-ui-auth:2.0.1] AndroidManifest.xml:50:13-66
71        <activity
71-->[com.firebaseui:firebase-ui-auth:2.0.1] AndroidManifest.xml:51:9-54:74
72            android:name="com.firebase.ui.auth.ui.accountlink.WelcomeBackPasswordPrompt"
72-->[com.firebaseui:firebase-ui-auth:2.0.1] AndroidManifest.xml:52:13-89
73            android:exported="false"
73-->[com.firebaseui:firebase-ui-auth:2.0.1] AndroidManifest.xml:53:13-37
74            android:label="@string/title_welcome_back_password_prompt" />
74-->[com.firebaseui:firebase-ui-auth:2.0.1] AndroidManifest.xml:54:13-71
75        <activity
75-->[com.firebaseui:firebase-ui-auth:2.0.1] AndroidManifest.xml:55:9-58:61
76            android:name="com.firebase.ui.auth.ui.idp.AuthMethodPickerActivity"
76-->[com.firebaseui:firebase-ui-auth:2.0.1] AndroidManifest.xml:56:13-80
77            android:exported="false"
77-->[com.firebaseui:firebase-ui-auth:2.0.1] AndroidManifest.xml:57:13-37
78            android:label="@string/default_toolbar_title" />
78-->[com.firebaseui:firebase-ui-auth:2.0.1] AndroidManifest.xml:58:13-58
79        <activity
79-->[com.firebaseui:firebase-ui-auth:2.0.1] AndroidManifest.xml:59:9-63:48
80            android:name="com.facebook.FacebookActivity"
80-->[com.firebaseui:firebase-ui-auth:2.0.1] AndroidManifest.xml:60:13-57
81            android:configChanges="keyboard|keyboardHidden|screenLayout|screenSize|orientation"
81-->[com.firebaseui:firebase-ui-auth:2.0.1] AndroidManifest.xml:61:13-96
82            android:label="@string/app_name" />
82-->[com.firebaseui:firebase-ui-auth:2.0.1] AndroidManifest.xml:62:13-45
83        <activity
83-->[com.firebaseui:firebase-ui-auth:2.0.1] AndroidManifest.xml:64:9-76:20
84            android:name="com.facebook.CustomTabActivity"
84-->[com.firebaseui:firebase-ui-auth:2.0.1] AndroidManifest.xml:65:13-58
85            android:exported="true" >
85-->[com.firebaseui:firebase-ui-auth:2.0.1] AndroidManifest.xml:66:13-36
86            <intent-filter>
86-->[com.firebaseui:firebase-ui-auth:2.0.1] AndroidManifest.xml:68:13-75:29
87                <action android:name="android.intent.action.VIEW" />
87-->[com.firebaseui:firebase-ui-auth:2.0.1] AndroidManifest.xml:69:17-69
87-->[com.firebaseui:firebase-ui-auth:2.0.1] AndroidManifest.xml:69:25-66
88
89                <category android:name="android.intent.category.DEFAULT" />
89-->[com.firebaseui:firebase-ui-auth:2.0.1] AndroidManifest.xml:71:17-76
89-->[com.firebaseui:firebase-ui-auth:2.0.1] AndroidManifest.xml:71:27-73
90                <category android:name="android.intent.category.BROWSABLE" />
90-->[com.firebaseui:firebase-ui-auth:2.0.1] AndroidManifest.xml:72:17-78
90-->[com.firebaseui:firebase-ui-auth:2.0.1] AndroidManifest.xml:72:27-75
91
92                <data android:scheme="@string/facebook_login_protocol_scheme" />
92-->[com.firebaseui:firebase-ui-auth:2.0.1] AndroidManifest.xml:74:17-81
92-->[com.firebaseui:firebase-ui-auth:2.0.1] AndroidManifest.xml:74:23-78
93            </intent-filter>
94        </activity>
95        <activity
95-->[com.google.firebase:firebase-auth:20.0.1] AndroidManifest.xml:27:9-44:20
96            android:name="com.google.firebase.auth.internal.GenericIdpActivity"
96-->[com.google.firebase:firebase-auth:20.0.1] AndroidManifest.xml:28:13-80
97            android:excludeFromRecents="true"
97-->[com.google.firebase:firebase-auth:20.0.1] AndroidManifest.xml:29:13-46
98            android:exported="true"
98-->[com.google.firebase:firebase-auth:20.0.1] AndroidManifest.xml:30:13-36
99            android:launchMode="singleTask"
99-->[com.google.firebase:firebase-auth:20.0.1] AndroidManifest.xml:31:13-44
100            android:theme="@android:style/Theme.Translucent.NoTitleBar" >
100-->[com.google.firebase:firebase-auth:20.0.1] AndroidManifest.xml:32:13-72
101            <intent-filter>
101-->[com.google.firebase:firebase-auth:20.0.1] AndroidManifest.xml:33:13-43:29
102                <action android:name="android.intent.action.VIEW" />
102-->[com.firebaseui:firebase-ui-auth:2.0.1] AndroidManifest.xml:69:17-69
102-->[com.firebaseui:firebase-ui-auth:2.0.1] AndroidManifest.xml:69:25-66
103
104                <category android:name="android.intent.category.DEFAULT" />
104-->[com.firebaseui:firebase-ui-auth:2.0.1] AndroidManifest.xml:71:17-76
104-->[com.firebaseui:firebase-ui-auth:2.0.1] AndroidManifest.xml:71:27-73
105                <category android:name="android.intent.category.BROWSABLE" />
105-->[com.firebaseui:firebase-ui-auth:2.0.1] AndroidManifest.xml:72:17-78
105-->[com.firebaseui:firebase-ui-auth:2.0.1] AndroidManifest.xml:72:27-75
106
107                <data
107-->[com.firebaseui:firebase-ui-auth:2.0.1] AndroidManifest.xml:74:17-81
108                    android:host="firebase.auth"
109                    android:path="/"
110                    android:scheme="genericidp" />
110-->[com.firebaseui:firebase-ui-auth:2.0.1] AndroidManifest.xml:74:23-78
111            </intent-filter>
112        </activity>
113        <activity
113-->[com.google.firebase:firebase-auth:20.0.1] AndroidManifest.xml:45:9-62:20
114            android:name="com.google.firebase.auth.internal.RecaptchaActivity"
114-->[com.google.firebase:firebase-auth:20.0.1] AndroidManifest.xml:46:13-79
115            android:excludeFromRecents="true"
115-->[com.google.firebase:firebase-auth:20.0.1] AndroidManifest.xml:47:13-46
116            android:exported="true"
116-->[com.google.firebase:firebase-auth:20.0.1] AndroidManifest.xml:48:13-36
117            android:launchMode="singleTask"
117-->[com.google.firebase:firebase-auth:20.0.1] AndroidManifest.xml:49:13-44
118            android:theme="@android:style/Theme.Translucent.NoTitleBar" >
118-->[com.google.firebase:firebase-auth:20.0.1] AndroidManifest.xml:50:13-72
119            <intent-filter>
119-->[com.google.firebase:firebase-auth:20.0.1] AndroidManifest.xml:51:13-61:29
120                <action android:name="android.intent.action.VIEW" />
120-->[com.firebaseui:firebase-ui-auth:2.0.1] AndroidManifest.xml:69:17-69
120-->[com.firebaseui:firebase-ui-auth:2.0.1] AndroidManifest.xml:69:25-66
121
122                <category android:name="android.intent.category.DEFAULT" />
122-->[com.firebaseui:firebase-ui-auth:2.0.1] AndroidManifest.xml:71:17-76
122-->[com.firebaseui:firebase-ui-auth:2.0.1] AndroidManifest.xml:71:27-73
123                <category android:name="android.intent.category.BROWSABLE" />
123-->[com.firebaseui:firebase-ui-auth:2.0.1] AndroidManifest.xml:72:17-78
123-->[com.firebaseui:firebase-ui-auth:2.0.1] AndroidManifest.xml:72:27-75
124
125                <data
125-->[com.firebaseui:firebase-ui-auth:2.0.1] AndroidManifest.xml:74:17-81
126                    android:host="firebase.auth"
127                    android:path="/"
128                    android:scheme="recaptcha" />
128-->[com.firebaseui:firebase-ui-auth:2.0.1] AndroidManifest.xml:74:23-78
129            </intent-filter>
130        </activity>
131
132        <service
132-->[com.google.firebase:firebase-auth:20.0.1] AndroidManifest.xml:64:9-73:19
133            android:name="com.google.firebase.auth.api.fallback.service.FirebaseAuthFallbackService"
133-->[com.google.firebase:firebase-auth:20.0.1] AndroidManifest.xml:65:13-101
134            android:enabled="true"
134-->[com.google.firebase:firebase-auth:20.0.1] AndroidManifest.xml:66:13-35
135            android:exported="false" >
135-->[com.google.firebase:firebase-auth:20.0.1] AndroidManifest.xml:67:13-37
136            <intent-filter>
136-->[com.google.firebase:firebase-auth:20.0.1] AndroidManifest.xml:68:13-72:29
137                <action android:name="com.google.firebase.auth.api.gms.service.START" />
137-->[com.google.firebase:firebase-auth:20.0.1] AndroidManifest.xml:69:17-89
137-->[com.google.firebase:firebase-auth:20.0.1] AndroidManifest.xml:69:25-86
138
139                <category android:name="android.intent.category.DEFAULT" />
139-->[com.firebaseui:firebase-ui-auth:2.0.1] AndroidManifest.xml:71:17-76
139-->[com.firebaseui:firebase-ui-auth:2.0.1] AndroidManifest.xml:71:27-73
140            </intent-filter>
141        </service>
142        <service
142-->[com.google.firebase:firebase-auth:20.0.1] AndroidManifest.xml:74:9-80:19
143            android:name="com.google.firebase.components.ComponentDiscoveryService"
143-->[com.google.firebase:firebase-auth:20.0.1] AndroidManifest.xml:75:13-84
144            android:directBootAware="true"
144-->[com.google.firebase:firebase-common:19.4.0] AndroidManifest.xml:35:13-43
145            android:exported="false" >
145-->[com.google.firebase:firebase-auth:20.0.1] AndroidManifest.xml:76:13-37
146            <meta-data
146-->[com.google.firebase:firebase-auth:20.0.1] AndroidManifest.xml:77:13-79:85
147                android:name="com.google.firebase.components:com.google.firebase.auth.FirebaseAuthRegistrar"
147-->[com.google.firebase:firebase-auth:20.0.1] AndroidManifest.xml:78:17-109
148                android:value="com.google.firebase.components.ComponentRegistrar" />
148-->[com.google.firebase:firebase-auth:20.0.1] AndroidManifest.xml:79:17-82
149            <meta-data
149-->[com.google.firebase:firebase-storage:19.2.0] AndroidManifest.xml:33:13-35:85
150                android:name="com.google.firebase.components:com.google.firebase.storage.StorageRegistrar"
150-->[com.google.firebase:firebase-storage:19.2.0] AndroidManifest.xml:34:17-107
151                android:value="com.google.firebase.components.ComponentRegistrar" />
151-->[com.google.firebase:firebase-storage:19.2.0] AndroidManifest.xml:35:17-82
152            <meta-data
152-->[com.google.firebase:firebase-database:19.5.1] AndroidManifest.xml:32:13-34:85
153                android:name="com.google.firebase.components:com.google.firebase.database.DatabaseRegistrar"
153-->[com.google.firebase:firebase-database:19.5.1] AndroidManifest.xml:33:17-109
154                android:value="com.google.firebase.components.ComponentRegistrar" />
154-->[com.google.firebase:firebase-database:19.5.1] AndroidManifest.xml:34:17-82
155        </service>
156
157        <provider
157-->[com.google.firebase:firebase-common:19.4.0] AndroidManifest.xml:26:9-31:39
158            android:name="com.google.firebase.provider.FirebaseInitProvider"
158-->[com.google.firebase:firebase-common:19.4.0] AndroidManifest.xml:27:13-77
159            android:authorities="com.example.bloodbank.firebaseinitprovider"
159-->[com.google.firebase:firebase-common:19.4.0] AndroidManifest.xml:28:13-72
160            android:directBootAware="true"
160-->[com.google.firebase:firebase-common:19.4.0] AndroidManifest.xml:29:13-43
161            android:exported="false"
161-->[com.google.firebase:firebase-common:19.4.0] AndroidManifest.xml:30:13-37
162            android:initOrder="100" />
162-->[com.google.firebase:firebase-common:19.4.0] AndroidManifest.xml:31:13-36
163
164        <activity
164-->[com.google.android.gms:play-services-auth:11.0.1] AndroidManifest.xml:20:9-189
165            android:name="com.google.android.gms.auth.api.signin.internal.SignInHubActivity"
165-->[com.google.android.gms:play-services-auth:11.0.1] AndroidManifest.xml:20:19-68
166            android:excludeFromRecents="true"
166-->[com.google.android.gms:play-services-auth:11.0.1] AndroidManifest.xml:20:129-162
167            android:exported="false"
167-->[com.google.android.gms:play-services-auth:11.0.1] AndroidManifest.xml:20:163-187
168            android:theme="@android:style/Theme.Translucent.NoTitleBar" />
168-->[com.google.android.gms:play-services-auth:11.0.1] AndroidManifest.xml:20:69-128
169        <!--
170Service handling Google Sign-In user revocation. For apps that do not integrate with
171            Google Sign-In, this service will never be started.
172        -->
173        <service
173-->[com.google.android.gms:play-services-auth:11.0.1] AndroidManifest.xml:24:9-184
174            android:name="com.google.android.gms.auth.api.signin.RevocationBoundService"
174-->[com.google.android.gms:play-services-auth:11.0.1] AndroidManifest.xml:24:18-63
175            android:exported="true"
175-->[com.google.android.gms:play-services-auth:11.0.1] AndroidManifest.xml:24:64-87
176            android:permission="com.google.android.gms.auth.api.signin.permission.REVOCATION_NOTIFICATION" />
176-->[com.google.android.gms:play-services-auth:11.0.1] AndroidManifest.xml:24:88-182
177
178        <activity
178-->[com.google.android.gms:play-services-base:17.1.0] AndroidManifest.xml:23:9-26:75
179            android:name="com.google.android.gms.common.api.GoogleApiActivity"
179-->[com.google.android.gms:play-services-base:17.1.0] AndroidManifest.xml:24:13-79
180            android:exported="false"
180-->[com.google.android.gms:play-services-base:17.1.0] AndroidManifest.xml:25:13-37
181            android:theme="@android:style/Theme.Translucent.NoTitleBar" />
181-->[com.google.android.gms:play-services-base:17.1.0] AndroidManifest.xml:26:13-72
182    </application>
183
184</manifest>